<?xml version="1.0" encoding="UTF-8"?>
<testng-results skipped="0" failed="0" ignored="0" total="1" passed="1">
  <reporter-output>
  </reporter-output>
  <suite name="Default suite" duration-ms="15056" started-at="2021-11-02T20:25:27 IST" finished-at="2021-11-02T20:25:42 IST">
    <groups>
    </groups>
    <test name="Default test" duration-ms="15056" started-at="2021-11-02T20:25:27 IST" finished-at="2021-11-02T20:25:42 IST">
      <class name="com.autoit.PlayGroundDownload">
        <test-method status="PASS" signature="test()[pri:0, instance:com.autoit.PlayGroundDownload@5fcd892a]" name="test" duration-ms="15003" started-at="2021-11-02T20:25:27 IST" finished-at="2021-11-02T20:25:42 IST">
          <reporter-output>
          </reporter-output>
        </test-method> <!-- test -->
      </class> <!-- com.autoit.PlayGroundDownload -->
    </test> <!-- Default test -->
  </suite> <!-- Default suite -->
</testng-results>
