<?xml version="1.0" encoding="UTF-8"?>
<testng-results skipped="0" failed="0" ignored="0" total="4" passed="4">
  <reporter-output>
  </reporter-output>
  <suite name="Default suite" duration-ms="81" started-at="2021-12-30T18:44:06 IST" finished-at="2021-12-30T18:44:06 IST">
    <groups>
    </groups>
    <test name="Default test" duration-ms="81" started-at="2021-12-30T18:44:06 IST" finished-at="2021-12-30T18:44:06 IST">
      <class name="testNGPractice.Prac">
        <test-method status="PASS" signature="dashwithouthPriority()[pri:0, instance:testNGPractice.Prac@2f8f5f62]" name="dashwithouthPriority" duration-ms="11" started-at="2021-12-30T18:44:06 IST" finished-at="2021-12-30T18:44:06 IST">
          <reporter-output>
          </reporter-output>
        </test-method> <!-- dashwithouthPriority -->
        <test-method status="PASS" signature="loginwithouthPriority()[pri:0, instance:testNGPractice.Prac@2f8f5f62]" name="loginwithouthPriority" duration-ms="8" started-at="2021-12-30T18:44:06 IST" finished-at="2021-12-30T18:44:06 IST">
          <reporter-output>
          </reporter-output>
        </test-method> <!-- loginwithouthPriority -->
        <test-method status="PASS" signature="login1()[pri:1, instance:testNGPractice.Prac@2f8f5f62]" name="login1" duration-ms="1" started-at="2021-12-30T18:44:06 IST" finished-at="2021-12-30T18:44:06 IST">
          <reporter-output>
          </reporter-output>
        </test-method> <!-- login1 -->
        <test-method status="PASS" signature="user()[pri:1, instance:testNGPractice.Prac@2f8f5f62]" name="user" duration-ms="1" started-at="2021-12-30T18:44:06 IST" finished-at="2021-12-30T18:44:06 IST">
          <reporter-output>
          </reporter-output>
        </test-method> <!-- user -->
      </class> <!-- testNGPractice.Prac -->
    </test> <!-- Default test -->
  </suite> <!-- Default suite -->
</testng-results>
