<?xml version="1.0" encoding="UTF-8"?>
<!-- Generated by org.testng.reporters.JUnitXMLReporter -->
<testsuite hostname="Shri-PC" ignored="0" name="Test" tests="3" failures="1" timestamp="2021-11-16T13:50:19 IST" time="21.112" errors="0">
  <testcase name="test01" time="9.592" classname="seleniumListeners.ListenerTest">
    <skipped/>
  </testcase> <!-- test01 -->
  <testcase name="test01" time="4.658" classname="seleniumListeners.ListenerTest">
    <skipped/>
  </testcase> <!-- test01 -->
  <testcase name="test01" time="6.764" classname="seleniumListeners.ListenerTest">
    <failure type="java.lang.AssertionError" message="expected [JavaByKiran | Dashboard1] but found [JavaByKiran | Dashboard]">
      <![CDATA[java.lang.AssertionError: expected [JavaByKiran | Dashboard1] but found [JavaByKiran | Dashboard]
at seleniumListeners.ListenerTest.test01(ListenerTest.java:43)
at java.util.ArrayList.forEach(ArrayList.java:1249)
... Removed 33 stack frames]]>
    </failure>
  </testcase> <!-- test01 -->
</testsuite> <!-- Test -->
